# JRE version: Java(TM) SE Runtime Environment (17.0.14+8) (build 17.0.14+8-LTS-191)
# Java VM: Java HotSpot(TM) 64-Bit Server VM (17.0.14+8-LTS-191, mixed mode, sharing, tiered, compressed oops, compressed class ptrs, g1 gc, windows-amd64)
GC Precious Log:
 CPUs: 12 total, 12 available
 Memory: 16226M
 Large Page Support: Disabled
 NUMA Support: Disabled
 Compressed Oops: Enabled (32-bit)
 Heap Region Size: 1M
 Heap Min Capacity: 8M
 Heap Initial Capacity: 254M
 Heap Max Capacity: 512M
 Pre-touch: Disabled
 Parallel Workers: 10
 Concurrent Workers: 3
 Concurrent Refinement Workers: 10
 Periodic GC: Disabled
Heap:
 garbage-first heap   total 109568K, used 62125K [0x00000000e0000000, 0x0000000100000000)
  region size 1024K, 30 young (30720K), 5 survivors (5120K)
 Metaspace       used 91958K, committed 92544K, reserved 1179648K
  class space    used 12333K, committed 12608K, reserved 1048576K
GC Heap History (20 events):
Event: 6.036 GC heap before
{Heap before GC invocations=8 (full 0):
 garbage-first heap   total 61440K, used 33792K [0x00000000e0000000, 0x0000000100000000)
  region size 1024K, 15 young (15360K), 2 survivors (2048K)
 Metaspace       used 35646K, committed 35968K, reserved 1114112K
  class space    used 4329K, committed 4480K, reserved 1048576K
}
Event: 6.038 GC heap after
{Heap after GC invocations=9 (full 0):
 garbage-first heap   total 61440K, used 22990K [0x00000000e0000000, 0x0000000100000000)
  region size 1024K, 4 young (4096K), 4 survivors (4096K)
 Metaspace       used 35646K, committed 35968K, reserved 1114112K
  class space    used 4329K, committed 4480K, reserved 1048576K
}
Event: 6.346 GC heap before
{Heap before GC invocations=10 (full 0):
 garbage-first heap   total 61440K, used 43470K [0x00000000e0000000, 0x0000000100000000)
  region size 1024K, 25 young (25600K), 4 survivors (4096K)
 Metaspace       used 39010K, committed 39488K, reserved 1114112K
  class space    used 4889K, committed 5120K, reserved 1048576K
}
Event: 6.348 GC heap after
{Heap after GC invocations=11 (full 0):
 garbage-first heap   total 61440K, used 24453K [0x00000000e0000000, 0x0000000100000000)
  region size 1024K, 4 young (4096K), 4 survivors (4096K)
 Metaspace       used 39010K, committed 39488K, reserved 1114112K
  class space    used 4889K, committed 5120K, reserved 1048576K
}
Event: 6.354 GC heap before
{Heap before GC invocations=11 (full 0):
 garbage-first heap   total 61440K, used 24453K [0x00000000e0000000, 0x0000000100000000)
  region size 1024K, 5 young (5120K), 4 survivors (4096K)
 Metaspace       used 39192K, committed 39680K, reserved 1114112K
  class space    used 4910K, committed 5120K, reserved 1048576K
}
Event: 6.356 GC heap after
{Heap after GC invocations=12 (full 0):
 garbage-first heap   total 61440K, used 24500K [0x00000000e0000000, 0x0000000100000000)
  region size 1024K, 1 young (1024K), 1 survivors (1024K)
 Metaspace       used 39192K, committed 39680K, reserved 1114112K
  class space    used 4910K, committed 5120K, reserved 1048576K
}
Event: 6.476 GC heap before
{Heap before GC invocations=12 (full 0):
 garbage-first heap   total 61440K, used 46004K [0x00000000e0000000, 0x0000000100000000)
  region size 1024K, 22 young (22528K), 1 survivors (1024K)
 Metaspace       used 43277K, committed 43776K, reserved 1114112K
  class space    used 5409K, committed 5632K, reserved 1048576K
}
Event: 6.478 GC heap after
{Heap after GC invocations=13 (full 0):
 garbage-first heap   total 160768K, used 24683K [0x00000000e0000000, 0x0000000100000000)
  region size 1024K, 1 young (1024K), 1 survivors (1024K)
 Metaspace       used 43277K, committed 43776K, reserved 1114112K
  class space    used 5409K, committed 5632K, reserved 1048576K
}
Event: 7.830 GC heap before
{Heap before GC invocations=13 (full 0):
 garbage-first heap   total 160768K, used 118891K [0x00000000e0000000, 0x0000000100000000)
  region size 1024K, 94 young (96256K), 1 survivors (1024K)
 Metaspace       used 55491K, committed 56000K, reserved 1114112K
  class space    used 7064K, committed 7296K, reserved 1048576K
}
Event: 7.834 GC heap after
{Heap after GC invocations=14 (full 0):
 garbage-first heap   total 160768K, used 29984K [0x00000000e0000000, 0x0000000100000000)
  region size 1024K, 6 young (6144K), 6 survivors (6144K)
 Metaspace       used 55491K, committed 56000K, reserved 1114112K
  class space    used 7064K, committed 7296K, reserved 1048576K
}
Event: 8.158 GC heap before
{Heap before GC invocations=14 (full 0):
 garbage-first heap   total 160768K, used 52512K [0x00000000e0000000, 0x0000000100000000)
  region size 1024K, 29 young (29696K), 6 survivors (6144K)
 Metaspace       used 59610K, committed 60096K, reserved 1114112K
  class space    used 7636K, committed 7872K, reserved 1048576K
}
Event: 8.162 GC heap after
{Heap after GC invocations=15 (full 0):
 garbage-first heap   total 160768K, used 31091K [0x00000000e0000000, 0x0000000100000000)
  region size 1024K, 7 young (7168K), 7 survivors (7168K)
 Metaspace       used 59610K, committed 60096K, reserved 1114112K
  class space    used 7636K, committed 7872K, reserved 1048576K
}
Event: 8.965 GC heap before
{Heap before GC invocations=16 (full 0):
 garbage-first heap   total 109568K, used 89459K [0x00000000e0000000, 0x0000000100000000)
  region size 1024K, 64 young (65536K), 7 survivors (7168K)
 Metaspace       used 69041K, committed 69568K, reserved 1114112K
  class space    used 9163K, committed 9408K, reserved 1048576K
}
Event: 8.970 GC heap after
{Heap after GC invocations=17 (full 0):
 garbage-first heap   total 109568K, used 33519K [0x00000000e0000000, 0x0000000100000000)
  region size 1024K, 4 young (4096K), 4 survivors (4096K)
 Metaspace       used 69041K, committed 69568K, reserved 1114112K
  class space    used 9163K, committed 9408K, reserved 1048576K
}
Event: 8.981 GC heap before
{Heap before GC invocations=17 (full 0):
 garbage-first heap   total 109568K, used 34543K [0x00000000e0000000, 0x0000000100000000)
  region size 1024K, 5 young (5120K), 4 survivors (4096K)
 Metaspace       used 69294K, committed 69760K, reserved 1114112K
  class space    used 9195K, committed 9408K, reserved 1048576K
}
Event: 8.984 GC heap after
{Heap after GC invocations=18 (full 0):
 garbage-first heap   total 109568K, used 34126K [0x00000000e0000000, 0x0000000100000000)
  region size 1024K, 1 young (1024K), 1 survivors (1024K)
 Metaspace       used 69294K, committed 69760K, reserved 1114112K
  class space    used 9195K, committed 9408K, reserved 1048576K
}
Event: 9.573 GC heap before
{Heap before GC invocations=18 (full 0):
 garbage-first heap   total 109568K, used 87374K [0x00000000e0000000, 0x0000000100000000)
  region size 1024K, 54 young (55296K), 1 survivors (1024K)
 Metaspace       used 79902K, committed 80384K, reserved 1179648K
  class space    used 10572K, committed 10816K, reserved 1048576K
}
Event: 9.576 GC heap after
{Heap after GC invocations=19 (full 0):
 garbage-first heap   total 109568K, used 35092K [0x00000000e0000000, 0x0000000100000000)
  region size 1024K, 2 young (2048K), 2 survivors (2048K)
 Metaspace       used 79902K, committed 80384K, reserved 1179648K
  class space    used 10572K, committed 10816K, reserved 1048576K
}
Event: 10.305 GC heap before
{Heap before GC invocations=19 (full 0):
 garbage-first heap   total 109568K, used 89364K [0x00000000e0000000, 0x0000000100000000)
  region size 1024K, 55 young (56320K), 2 survivors (2048K)
 Metaspace       used 88757K, committed 89280K, reserved 1179648K
  class space    used 11925K, committed 12160K, reserved 1048576K
}
Event: 10.318 GC heap after
{Heap after GC invocations=20 (full 0):
 garbage-first heap   total 109568K, used 37549K [0x00000000e0000000, 0x0000000100000000)
  region size 1024K, 5 young (5120K), 5 survivors (5120K)
 Metaspace       used 88757K, committed 89280K, reserved 1179648K
  class space    used 11925K, committed 12160K, reserved 1048576K
}

